# JRE version: Java(TM) SE Runtime Environment (16.0.1+9) (build 16.0.1+9-24)
# Java VM: Java HotSpot(TM) 64-Bit Server VM (16.0.1+9-24, mixed mode, sharing, tiered, compressed oops, compressed class ptrs, g1 gc, windows-amd64)
GC Precious Log:
 CPUs: 8 total, 8 available
 Memory: 6100M
 Large Page Support: Disabled
 NUMA Support: Disabled
 Compressed Oops: Enabled (32-bit)
 Heap Region Size: 1M
 Heap Min Capacity: 8M
 Heap Initial Capacity: 96M
 Heap Max Capacity: 1G
 Pre-touch: Disabled
 Parallel Workers: 8
 Concurrent Workers: 2
 Concurrent Refinement Workers: 8
 Periodic GC: Disabled
Heap:
 garbage-first heap   total 75776K, used 58782K [0x00000000c0000000, 0x0000000100000000)
  region size 1024K, 28 young (28672K), 2 survivors (2048K)
 Metaspace       used 43189K, committed 43648K, reserved 1089536K
  class space    used 5781K, committed 5952K, reserved 1048576K
GC Heap History (20 events):
Event: 0.768 GC heap after
{Heap after GC invocations=1 (full 0):
 garbage-first heap   total 98304K, used 8838K [0x00000000c0000000, 0x0000000100000000)
  region size 1024K, 3 young (3072K), 3 survivors (3072K)
 Metaspace       used 3090K, committed 3200K, reserved 1056768K
  class space    used 374K, committed 448K, reserved 1048576K
}
Event: 1.207 GC heap before
{Heap before GC invocations=1 (full 0):
 garbage-first heap   total 98304K, used 37510K [0x00000000c0000000, 0x0000000100000000)
  region size 1024K, 31 young (31744K), 3 survivors (3072K)
 Metaspace       used 3977K, committed 4160K, reserved 1056768K
  class space    used 469K, committed 576K, reserved 1048576K
}
Event: 1.214 GC heap after
{Heap after GC invocations=2 (full 0):
 garbage-first heap   total 98304K, used 11944K [0x00000000c0000000, 0x0000000100000000)
  region size 1024K, 2 young (2048K), 2 survivors (2048K)
 Metaspace       used 3977K, committed 4160K, reserved 1056768K
  class space    used 469K, committed 576K, reserved 1048576K
}
Event: 2.485 GC heap before
{Heap before GC invocations=2 (full 0):
 garbage-first heap   total 98304K, used 67240K [0x00000000c0000000, 0x0000000100000000)
  region size 1024K, 56 young (57344K), 2 survivors (2048K)
 Metaspace       used 13476K, committed 13760K, reserved 1064960K
  class space    used 1916K, committed 2048K, reserved 1048576K
}
Event: 2.493 GC heap after
{Heap after GC invocations=3 (full 0):
 garbage-first heap   total 98304K, used 17539K [0x00000000c0000000, 0x0000000100000000)
  region size 1024K, 7 young (7168K), 7 survivors (7168K)
 Metaspace       used 13476K, committed 13760K, reserved 1064960K
  class space    used 1916K, committed 2048K, reserved 1048576K
}
Event: 3.512 GC heap before
{Heap before GC invocations=3 (full 0):
 garbage-first heap   total 98304K, used 61571K [0x00000000c0000000, 0x0000000100000000)
  region size 1024K, 51 young (52224K), 7 survivors (7168K)
 Metaspace       used 19946K, committed 20288K, reserved 1073152K
  class space    used 2936K, committed 3072K, reserved 1048576K
}
Event: 3.521 GC heap after
{Heap after GC invocations=4 (full 0):
 garbage-first heap   total 98304K, used 20158K [0x00000000c0000000, 0x0000000100000000)
  region size 1024K, 3 young (3072K), 3 survivors (3072K)
 Metaspace       used 19946K, committed 20288K, reserved 1073152K
  class space    used 2936K, committed 3072K, reserved 1048576K
}
Event: 3.646 GC heap before
{Heap before GC invocations=4 (full 0):
 garbage-first heap   total 98304K, used 27326K [0x00000000c0000000, 0x0000000100000000)
  region size 1024K, 11 young (11264K), 3 survivors (3072K)
 Metaspace       used 21044K, committed 21248K, reserved 1073152K
  class space    used 3110K, committed 3200K, reserved 1048576K
}
Event: 3.649 GC heap after
{Heap after GC invocations=5 (full 0):
 garbage-first heap   total 98304K, used 20296K [0x00000000c0000000, 0x0000000100000000)
  region size 1024K, 3 young (3072K), 3 survivors (3072K)
 Metaspace       used 21044K, committed 21248K, reserved 1073152K
  class space    used 3110K, committed 3200K, reserved 1048576K
}
Event: 4.480 GC heap before
{Heap before GC invocations=6 (full 0):
 garbage-first heap   total 75776K, used 62280K [0x00000000c0000000, 0x0000000100000000)
  region size 1024K, 44 young (45056K), 3 survivors (3072K)
 Metaspace       used 27515K, committed 27776K, reserved 1073152K
  class space    used 3829K, committed 3968K, reserved 1048576K
}
Event: 4.490 GC heap after
{Heap after GC invocations=7 (full 0):
 garbage-first heap   total 75776K, used 25102K [0x00000000c0000000, 0x0000000100000000)
  region size 1024K, 6 young (6144K), 6 survivors (6144K)
 Metaspace       used 27515K, committed 27776K, reserved 1073152K
  class space    used 3829K, committed 3968K, reserved 1048576K
}
Event: 5.133 GC heap before
{Heap before GC invocations=7 (full 0):
 garbage-first heap   total 75776K, used 57870K [0x00000000c0000000, 0x0000000100000000)
  region size 1024K, 36 young (36864K), 6 survivors (6144K)
 Metaspace       used 30478K, committed 30784K, reserved 1081344K
  class space    used 4157K, committed 4288K, reserved 1048576K
}
Event: 5.144 GC heap after
{Heap after GC invocations=8 (full 0):
 garbage-first heap   total 75776K, used 28133K [0x00000000c0000000, 0x0000000100000000)
  region size 1024K, 3 young (3072K), 3 survivors (3072K)
 Metaspace       used 30478K, committed 30784K, reserved 1081344K
  class space    used 4157K, committed 4288K, reserved 1048576K
}
Event: 5.693 GC heap before
{Heap before GC invocations=8 (full 0):
 garbage-first heap   total 75776K, used 56805K [0x00000000c0000000, 0x0000000100000000)
  region size 1024K, 31 young (31744K), 3 survivors (3072K)
 Metaspace       used 34697K, committed 35008K, reserved 1081344K
  class space    used 4699K, committed 4864K, reserved 1048576K
}
Event: 5.699 GC heap after
{Heap after GC invocations=9 (full 0):
 garbage-first heap   total 75776K, used 29521K [0x00000000c0000000, 0x0000000100000000)
  region size 1024K, 2 young (2048K), 2 survivors (2048K)
 Metaspace       used 34697K, committed 35008K, reserved 1081344K
  class space    used 4699K, committed 4864K, reserved 1048576K
}
Event: 5.818 GC heap before
{Heap before GC invocations=9 (full 0):
 garbage-first heap   total 75776K, used 34641K [0x00000000c0000000, 0x0000000100000000)
  region size 1024K, 8 young (8192K), 2 survivors (2048K)
 Metaspace       used 35454K, committed 35776K, reserved 1081344K
  class space    used 4793K, committed 4928K, reserved 1048576K
}
Event: 5.824 GC heap after
{Heap after GC invocations=10 (full 0):
 garbage-first heap   total 75776K, used 29706K [0x00000000c0000000, 0x0000000100000000)
  region size 1024K, 2 young (2048K), 2 survivors (2048K)
 Metaspace       used 35454K, committed 35776K, reserved 1081344K
  class space    used 4793K, committed 4928K, reserved 1048576K
}
Event: 6.608 GC heap before
{Heap before GC invocations=11 (full 0):
 garbage-first heap   total 75776K, used 57354K [0x00000000c0000000, 0x0000000100000000)
  region size 1024K, 30 young (30720K), 2 survivors (2048K)
 Metaspace       used 37915K, committed 38272K, reserved 1089536K
  class space    used 5140K, committed 5312K, reserved 1048576K
}
Event: 6.613 GC heap after
{Heap after GC invocations=12 (full 0):
 garbage-first heap   total 75776K, used 32158K [0x00000000c0000000, 0x0000000100000000)
  region size 1024K, 4 young (4096K), 4 survivors (4096K)
 Metaspace       used 37915K, committed 38272K, reserved 1089536K
  class space    used 5140K, committed 5312K, reserved 1048576K
}
Event: 7.134 GC heap before
{Heap before GC invocations=12 (full 0):
 garbage-first heap   total 75776K, used 57758K [0x00000000c0000000, 0x0000000100000000)
  region size 1024K, 30 young (30720K), 4 survivors (4096K)
 Metaspace       used 43189K, committed 43648K, reserved 1089536K
  class space    used 5781K, committed 5952K, reserved 1048576K
}

